2021-02-24T07:52:35+00:00 CRITICAL Uncaught RuntimeException: Unable to claim actions. Database error. in C:\xampp\htdocs\testsite\wordpress\wp-content\plugins\woocommerce\packages\action-scheduler\classes\data-stores\ActionScheduler_DBStore.php:675
Stack trace:
#0 C:\xampp\htdocs\testsite\wordpress\wp-content\plugins\woocommerce\packages\action-scheduler\classes\data-stores\ActionScheduler_DBStore.php(599): ActionScheduler_DBStore->claim_actions(4584, 25, NULL, Array, '')
#1 C:\xampp\htdocs\testsite\wordpress\wp-content\plugins\woocommerce\packages\action-scheduler\classes\data-stores\ActionScheduler_HybridStore.php(221): ActionScheduler_DBStore->stake_claim(25, NULL, Array, '')
#2 C:\xampp\htdocs\testsite\wordpress\wp-content\plugins\woocommerce\packages\action-scheduler\classes\ActionScheduler_QueueRunner.php(153): ActionScheduler_HybridStore->stake_claim(25)
#3 C:\xampp\htdocs\testsite\wordpress\wp-content\plugins\woocommerce\packages\action-scheduler\classes\ActionScheduler_QueueRunner.php(132): ActionScheduler_QueueRunner->do_batch(25, ' in C:\xampp\htdocs\testsite\wordpress\wp-content\plugins\woocommerce\packages\action-scheduler\classes\data-stores\ActionScheduler_DBStore.php on line 675

2021-02-24T12:03:50+00:00 CRITICAL Maximum execution time of 900 seconds exceeded in C:\xampp\htdocs\testsite\wordpress\wp-admin\includes\class-pclzip.php on line 2226

2021-02-24T14:23:26+00:00 CRITICAL Maximum execution time of 900 seconds exceeded in C:\xampp\htdocs\testsite\wordpress\wp-includes\wp-db.php on line 2056

2021-02-24T14:55:06+00:00 CRITICAL Maximum execution time of 900 seconds exceeded in C:\xampp\htdocs\testsite\wordpress\wp-content\plugins\updraftplus\backup.php on line 3570

2021-02-24T15:06:57+00:00 CRITICAL Maximum execution time of 900 seconds exceeded in C:\xampp\htdocs\testsite\wordpress\wp-content\plugins\updraftplus\backup.php on line 3570

2021-02-24T15:19:22+00:00 CRITICAL Maximum execution time of 900 seconds exceeded in C:\xampp\htdocs\testsite\wordpress\wp-content\plugins\updraftplus\backup.php on line 3570

2021-02-24T15:37:26+00:00 CRITICAL Maximum execution time of 900 seconds exceeded in C:\xampp\htdocs\testsite\wordpress\wp-admin\includes\class-pclzip.php on line 2382

2021-02-24T15:45:19+00:00 CRITICAL Maximum execution time of 900 seconds exceeded in C:\xampp\htdocs\testsite\wordpress\wp-admin\includes\class-pclzip.php on line 2226

2021-02-24T16:30:13+00:00 CRITICAL Maximum execution time of 900 seconds exceeded in C:\xampp\htdocs\testsite\wordpress\wp-content\plugins\updraftplus\backup.php on line 3570

2021-02-24T16:30:17+00:00 CRITICAL Maximum execution time of 900 seconds exceeded in C:\xampp\htdocs\testsite\wordpress\wp-content\plugins\updraftplus\backup.php on line 3570

2021-02-24T16:32:44+00:00 CRITICAL Maximum execution time of 900 seconds exceeded in C:\xampp\htdocs\testsite\wordpress\wp-content\plugins\updraftplus\backup.php on line 3570

2021-02-24T16:32:59+00:00 CRITICAL Maximum execution time of 900 seconds exceeded in C:\xampp\htdocs\testsite\wordpress\wp-content\plugins\updraftplus\backup.php on line 3570

2021-02-24T16:52:02+00:00 CRITICAL Maximum execution time of 900 seconds exceeded in C:\xampp\htdocs\testsite\wordpress\wp-content\plugins\updraftplus\backup.php on line 3570

2021-02-24T17:33:03+00:00 CRITICAL Maximum execution time of 900 seconds exceeded in C:\xampp\htdocs\testsite\wordpress\wp-content\plugins\updraftplus\class-updraftplus.php on line 2074

2021-02-24T17:33:05+00:00 CRITICAL Maximum execution time of 900 seconds exceeded in C:\xampp\htdocs\testsite\wordpress\wp-content\plugins\updraftplus\class-updraftplus.php on line 2074

2021-02-24T17:34:19+00:00 CRITICAL Maximum execution time of 900 seconds exceeded in C:\xampp\htdocs\testsite\wordpress\wp-content\plugins\updraftplus\class-updraftplus.php on line 2074

2021-02-24T17:34:33+00:00 CRITICAL Maximum execution time of 900 seconds exceeded in C:\xampp\htdocs\testsite\wordpress\wp-content\plugins\updraftplus\backup.php on line 3570

2021-02-24T17:35:27+00:00 CRITICAL Maximum execution time of 900 seconds exceeded in C:\xampp\htdocs\testsite\wordpress\wp-content\plugins\updraftplus\class-updraftplus.php on line 2074

2021-02-24T17:36:18+00:00 CRITICAL Maximum execution time of 900 seconds exceeded in C:\xampp\htdocs\testsite\wordpress\wp-content\plugins\updraftplus\backup.php on line 3570

2021-02-24T17:37:48+00:00 CRITICAL Maximum execution time of 900 seconds exceeded in C:\xampp\htdocs\testsite\wordpress\wp-content\plugins\updraftplus\backup.php on line 3570

