2021-03-10T20:35:52+00:00 ERROR Error getting remote inbox notification data feed
2021-03-10T20:35:52+00:00 ERROR WP_Error Object
(
    [errors] => Array
        (
            [http_request_failed] => Array
                (
                    [0] => cURL error 6: Could not resolve host: woocommerce.com
                )

        )

    [error_data] => Array
        (
        )

    [additional_data:protected] => Array
        (
        )

)

2021-03-10T20:35:52+00:00 ERROR Error getting remote inbox notification data feed
2021-03-10T20:35:52+00:00 ERROR WP_Error Object
(
    [errors] => Array
        (
            [http_request_failed] => Array
                (
                    [0] => cURL error 6: Could not resolve host: woocommerce.com
                )

        )

    [error_data] => Array
        (
        )

    [additional_data:protected] => Array
        (
        )

)

2021-03-10T21:20:01+00:00 ERROR Remote inbox notification data feed is not an array
2021-03-10T21:20:25+00:00 ERROR Error getting remote inbox notification data feed
2021-03-10T21:20:25+00:00 ERROR WP_Error Object
(
    [errors] => Array
        (
            [http_request_failed] => Array
                (
                    [0] => cURL error 28: Operation timed out after 5012 milliseconds with 0 bytes received
                )

        )

    [error_data] => Array
        (
        )

    [additional_data:protected] => Array
        (
        )

)

2021-03-10T21:30:57+00:00 ERROR Remote inbox notification data feed is not an array
2021-03-10T21:31:59+00:00 ERROR Remote inbox notification data feed is not an array
2021-03-10T21:33:27+00:00 ERROR Remote inbox notification data feed is not an array
2021-03-10T21:34:26+00:00 ERROR Remote inbox notification data feed is not an array
