2021-03-04T21:37:59+00:00 ERROR Remote inbox notification data feed is not an array
2021-03-04T21:45:56+00:00 ERROR Error getting remote inbox notification data feed
2021-03-04T21:45:56+00:00 ERROR WP_Error Object
(
    [errors] => Array
        (
            [http_request_failed] => Array
                (
                    [0] => cURL error 28: Resolving timed out after 5011 milliseconds
                )

        )

    [error_data] => Array
        (
        )

    [additional_data:protected] => Array
        (
        )

)

2021-03-04T22:04:10+00:00 ERROR Error getting remote inbox notification data feed
2021-03-04T22:04:10+00:00 ERROR WP_Error Object
(
    [errors] => Array
        (
            [http_request_failed] => Array
                (
                    [0] => cURL error 28: Operation timed out after 5002 milliseconds with 0 bytes received
                )

        )

    [error_data] => Array
        (
        )

    [additional_data:protected] => Array
        (
        )

)

2021-03-04T22:04:16+00:00 ERROR Error getting remote inbox notification data feed
2021-03-04T22:04:16+00:00 ERROR WP_Error Object
(
    [errors] => Array
        (
            [http_request_failed] => Array
                (
                    [0] => cURL error 28: Operation timed out after 5007 milliseconds with 0 out of 0 bytes received
                )

        )

    [error_data] => Array
        (
        )

    [additional_data:protected] => Array
        (
        )

)

2021-03-04T22:05:35+00:00 ERROR Error getting remote inbox notification data feed
2021-03-04T22:05:35+00:00 ERROR WP_Error Object
(
    [errors] => Array
        (
            [http_request_failed] => Array
                (
                    [0] => cURL error 28: Resolving timed out after 5012 milliseconds
                )

        )

    [error_data] => Array
        (
        )

    [additional_data:protected] => Array
        (
        )

)

2021-03-04T22:05:40+00:00 ERROR Remote inbox notification data feed is not an array
2021-03-04T22:13:52+00:00 ERROR Error getting remote inbox notification data feed
2021-03-04T22:13:52+00:00 ERROR WP_Error Object
(
    [errors] => Array
        (
            [http_request_failed] => Array
                (
                    [0] => cURL error 28: Resolving timed out after 5013 milliseconds
                )

        )

    [error_data] => Array
        (
        )

    [additional_data:protected] => Array
        (
        )

)

2021-03-04T22:13:57+00:00 ERROR Error getting remote inbox notification data feed
2021-03-04T22:13:57+00:00 ERROR WP_Error Object
(
    [errors] => Array
        (
            [http_request_failed] => Array
                (
                    [0] => cURL error 28: Connection timed out after 5003 milliseconds
                )

        )

    [error_data] => Array
        (
        )

    [additional_data:protected] => Array
        (
        )

)

