2021-02-19T10:40:06+00:00 ERROR Error getting remote inbox notification data feed
2021-02-19T10:40:06+00:00 ERROR WP_Error Object
(
    [errors] => Array
        (
            [http_request_failed] => Array
                (
                    [0] => cURL error 28: Connection timed out after 5014 milliseconds
                )

        )

    [error_data] => Array
        (
        )

    [additional_data:protected] => Array
        (
        )

)

2021-02-19T10:41:16+00:00 ERROR Error getting remote inbox notification data feed
2021-02-19T10:41:16+00:00 ERROR WP_Error Object
(
    [errors] => Array
        (
            [http_request_failed] => Array
                (
                    [0] => cURL error 28: Operation timed out after 5014 milliseconds with 0 bytes received
                )

        )

    [error_data] => Array
        (
        )

    [additional_data:protected] => Array
        (
        )

)

2021-02-19T10:49:14+00:00 ERROR Remote inbox notification data feed is not an array
2021-02-19T11:11:00+00:00 ERROR Remote inbox notification data feed is not an array
2021-02-19T11:11:04+00:00 ERROR Remote inbox notification data feed is not an array
